EDA Netlist Writer report for vga_blockmove
Mon Jul 31 19:34:08 2023
Quartus Prime Version 17.1.0 Build 590 10/25/2017 SJ Standard Edition


---------------------
; Table of Contents ;
---------------------
  1. Legal Notice
  2. EDA Netlist Writer Summary
  3. Simulation Settings
  4. Simulation Generated Files
  5. EDA Netlist Writer Messages



----------------
; Legal Notice ;
----------------
Copyright (C) 2017  Intel Corporation. All rights reserved.
Your use of Intel Corporation's design tools, logic functions 
and other software and tools, and its AMPP partner logic 
functions, and any output files from any of the foregoing 
(including device programming or simulation files), and any 
associated documentation or information are expressly subject 
to the terms and conditions of the Intel Program License 
Subscription Agreement, the Intel Quartus Prime License Agreement,
the Intel FPGA IP License Agreement, or other applicable license
agreement, including, without limitation, that your use is for
the sole purpose of programming logic devices manufactured by
Intel and sold by Intel or its authorized distributors.  Please
refer to the applicable agreement for further details.



+-------------------------------------------------------------------+
; EDA Netlist Writer Summary                                        ;
+---------------------------+---------------------------------------+
; EDA Netlist Writer Status ; Successful - Mon Jul 31 19:34:08 2023 ;
; Revision Name             ; vga_blockmove                         ;
; Top-level Entity Name     ; vga_blockmove                         ;
; Family                    ; Cyclone 10 LP                         ;
; Simulation Files Creation ; Successful                            ;
+---------------------------+---------------------------------------+


+----------------------------------------------------------------------------------------------------------------------------+
; Simulation Settings                                                                                                        ;
+---------------------------------------------------------------------------------------------------+------------------------+
; Option                                                                                            ; Setting                ;
+---------------------------------------------------------------------------------------------------+------------------------+
; Tool Name                                                                                         ; ModelSim-Altera (VHDL) ;
; Generate functional simulation netlist                                                            ; Off                    ;
; Time scale                                                                                        ; 1 ps                   ;
; Truncate long hierarchy paths                                                                     ; Off                    ;
; Map illegal HDL characters                                                                        ; Off                    ;
; Flatten buses into individual nodes                                                               ; Off                    ;
; Maintain hierarchy                                                                                ; Off                    ;
; Bring out device-wide set/reset signals as ports                                                  ; Off                    ;
; Enable glitch filtering                                                                           ; Off                    ;
; Do not write top level VHDL entity                                                                ; Off                    ;
; Disable detection of setup and hold time violations in the input registers of bi-directional pins ; Off                    ;
; Architecture name in VHDL output netlist                                                          ; structure              ;
; Generate third-party EDA tool command script for RTL functional simulation                        ; Off                    ;
; Generate third-party EDA tool command script for gate-level simulation                            ; Off                    ;
+---------------------------------------------------------------------------------------------------+------------------------+


+-----------------------------------------------------------------------------------------------------+
; Simulation Generated Files                                                                          ;
+-----------------------------------------------------------------------------------------------------+
; Generated Files                                                                                     ;
+-----------------------------------------------------------------------------------------------------+
; D:/quartus_qian/12_vga_blockmove/par/simulation/modelsim/vga_blockmove_7_1200mv_100c_slow.vho       ;
; D:/quartus_qian/12_vga_blockmove/par/simulation/modelsim/vga_blockmove_7_1200mv_-40c_slow.vho       ;
; D:/quartus_qian/12_vga_blockmove/par/simulation/modelsim/vga_blockmove_min_1200mv_-40c_fast.vho     ;
; D:/quartus_qian/12_vga_blockmove/par/simulation/modelsim/vga_blockmove.vho                          ;
; D:/quartus_qian/12_vga_blockmove/par/simulation/modelsim/vga_blockmove_7_1200mv_100c_vhd_slow.sdo   ;
; D:/quartus_qian/12_vga_blockmove/par/simulation/modelsim/vga_blockmove_7_1200mv_-40c_vhd_slow.sdo   ;
; D:/quartus_qian/12_vga_blockmove/par/simulation/modelsim/vga_blockmove_min_1200mv_-40c_vhd_fast.sdo ;
; D:/quartus_qian/12_vga_blockmove/par/simulation/modelsim/vga_blockmove_vhd.sdo                      ;
+-----------------------------------------------------------------------------------------------------+


+-----------------------------+
; EDA Netlist Writer Messages ;
+-----------------------------+
Info: *******************************************************************
Info: Running Quartus Prime EDA Netlist Writer
    Info: Version 17.1.0 Build 590 10/25/2017 SJ Standard Edition
    Info: Processing started: Mon Jul 31 19:34:03 2023
Info: Command: quartus_eda --read_settings_files=off --write_settings_files=off vga_blockmove -c vga_blockmove
Warning (18236): Number of processors has not been specified which may cause overloading on shared machines.  Set the global assignment NUM_PARALLEL_PROCESSORS in your QSF to an appropriate value for best performance.
Info (204019): Generated file vga_blockmove_7_1200mv_100c_slow.vho in folder "D:/quartus_qian/12_vga_blockmove/par/simulation/modelsim/" for EDA simulation tool
Info (204019): Generated file vga_blockmove_7_1200mv_-40c_slow.vho in folder "D:/quartus_qian/12_vga_blockmove/par/simulation/modelsim/" for EDA simulation tool
Info (204019): Generated file vga_blockmove_min_1200mv_-40c_fast.vho in folder "D:/quartus_qian/12_vga_blockmove/par/simulation/modelsim/" for EDA simulation tool
Info (204019): Generated file vga_blockmove.vho in folder "D:/quartus_qian/12_vga_blockmove/par/simulation/modelsim/" for EDA simulation tool
Info (204019): Generated file vga_blockmove_7_1200mv_100c_vhd_slow.sdo in folder "D:/quartus_qian/12_vga_blockmove/par/simulation/modelsim/" for EDA simulation tool
Info (204019): Generated file vga_blockmove_7_1200mv_-40c_vhd_slow.sdo in folder "D:/quartus_qian/12_vga_blockmove/par/simulation/modelsim/" for EDA simulation tool
Info (204019): Generated file vga_blockmove_min_1200mv_-40c_vhd_fast.sdo in folder "D:/quartus_qian/12_vga_blockmove/par/simulation/modelsim/" for EDA simulation tool
Info (204019): Generated file vga_blockmove_vhd.sdo in folder "D:/quartus_qian/12_vga_blockmove/par/simulation/modelsim/" for EDA simulation tool
Info: Quartus Prime EDA Netlist Writer was successful. 0 errors, 1 warning
    Info: Peak virtual memory: 4667 megabytes
    Info: Processing ended: Mon Jul 31 19:34:08 2023
    Info: Elapsed time: 00:00:05
    Info: Total CPU time (on all processors): 00:00:03


